2022-06-26 23:12:41,415 [INFO] Download complete for csv files...
2022-06-26 23:12:41,423 [INFO] Finished reorganizing files...
2022-06-26 23:12:41,521 [INFO] Finished normalizing columns...
2022-06-26 23:12:41,592 [INFO] Columns selected...
2022-06-26 23:12:41,652 [INFO] Created the normalized file...
2022-06-26 23:12:42,026 [INFO] File created for 'registros por categoria', 'registros por fuente' y 'registros por categoria y provincia'...
2022-06-26 23:12:42,034 [INFO] Created the 'info_cines' file...
2022-06-26 23:12:42,072 [INFO] Connection created...
2022-06-26 23:12:42,131 [INFO] Created the tables...
2022-06-26 23:12:42,433 [INFO] Finish populating tables...
2022-06-26 23:13:28,649 [INFO] Download complete for csv files...
2022-06-26 23:13:28,658 [INFO] Finished reorganizing files...
2022-06-26 23:13:28,749 [INFO] Finished normalizing columns...
2022-06-26 23:13:28,812 [INFO] Columns selected...
2022-06-26 23:13:28,868 [INFO] Created the normalized file...
2022-06-26 23:13:29,261 [INFO] File created for 'registros por categoria', 'registros por fuente' y 'registros por categoria y provincia'...
2022-06-26 23:13:29,272 [INFO] Created the 'info_cines' file...
2022-06-26 23:13:29,313 [INFO] Connection created...
2022-06-26 23:13:29,381 [INFO] Created the tables...
2022-06-26 23:13:29,696 [INFO] Finish populating tables...
2022-06-26 23:21:08,869 [INFO] Download complete for csv files...
2022-06-26 23:21:08,878 [INFO] Finished reorganizing files...
2022-06-26 23:21:08,971 [INFO] Finished normalizing columns...
2022-06-26 23:21:09,038 [INFO] Columns selected...
2022-06-26 23:21:09,094 [INFO] Created the normalized file...
2022-06-26 23:21:09,454 [INFO] File created for 'registros por categoria', 'registros por fuente' y 'registros por categoria y provincia'...
2022-06-26 23:21:09,463 [INFO] Created the 'info_cines' file...
2022-06-26 23:21:09,502 [INFO] Connection created...
2022-06-26 23:21:09,561 [INFO] Created the tables...
2022-06-26 23:21:09,855 [INFO] Finish populating tables...
